<?xml version="1.0" encoding="UTF-8"?>
<testng-results ignored="0" total="3" passed="3" failed="0" skipped="0">
  <reporter-output>
  </reporter-output>
  <suite started-at="2024-02-05T01:17:23 EST" name="Default suite" finished-at="2024-02-05T01:18:03 EST" duration-ms="39591">
    <groups>
    </groups>
    <test started-at="2024-02-05T01:17:23 EST" name="Default test" finished-at="2024-02-05T01:18:03 EST" duration-ms="39591">
      <class name="testBase.OneLocal_TestRunner">
        <test-method is-config="true" signature="setup()[pri:0, instance:testBase.OneLocal_TestRunner@1af2d44a]" started-at="2024-02-05T01:17:24 EST" name="setup" finished-at="2024-02-05T01:17:30 EST" duration-ms="5853" status="PASS">
          <reporter-output>
          </reporter-output>
        </test-method> <!-- setup -->
        <test-method signature="VerifyThridPartySiteConnectFunctionality([Ljava.lang.String;)[pri:0, instance:testBase.OneLocal_TestRunner@1af2d44a]" started-at="2024-02-05T01:17:30 EST" name="VerifyThridPartySiteConnectFunctionality" data-provider="onelocaldata" finished-at="2024-02-05T01:17:35 EST" duration-ms="5852" status="PASS">
          <params>
            <param index="0">
              <value>
                <![CDATA[[Ljava.lang.String;@57fbc06f]]>
              </value>
            </param>
          </params>
          <reporter-output>
          </reporter-output>
        </test-method> <!-- VerifyThridPartySiteConnectFunctionality -->
        <test-method is-config="true" signature="tearDown()[pri:0, instance:testBase.OneLocal_TestRunner@1af2d44a]" started-at="2024-02-05T01:17:35 EST" name="tearDown" finished-at="2024-02-05T01:17:36 EST" duration-ms="137" status="PASS">
          <reporter-output>
          </reporter-output>
        </test-method> <!-- tearDown -->
        <test-method is-config="true" signature="setup()[pri:0, instance:testBase.OneLocal_TestRunner@1af2d44a]" started-at="2024-02-05T01:17:36 EST" name="setup" finished-at="2024-02-05T01:17:40 EST" duration-ms="4719" status="PASS">
          <reporter-output>
          </reporter-output>
        </test-method> <!-- setup -->
        <test-method signature="VerifyThridPartySiteConnectFunctionality([Ljava.lang.String;)[pri:0, instance:testBase.OneLocal_TestRunner@1af2d44a]" started-at="2024-02-05T01:17:40 EST" name="VerifyThridPartySiteConnectFunctionality" data-provider="onelocaldata" finished-at="2024-02-05T01:17:48 EST" duration-ms="8070" status="PASS">
          <params>
            <param index="0">
              <value>
                <![CDATA[[Ljava.lang.String;@68f6e55d]]>
              </value>
            </param>
          </params>
          <reporter-output>
          </reporter-output>
        </test-method> <!-- VerifyThridPartySiteConnectFunctionality -->
        <test-method is-config="true" signature="tearDown()[pri:0, instance:testBase.OneLocal_TestRunner@1af2d44a]" started-at="2024-02-05T01:17:48 EST" name="tearDown" finished-at="2024-02-05T01:17:49 EST" duration-ms="168" status="PASS">
          <reporter-output>
          </reporter-output>
        </test-method> <!-- tearDown -->
        <test-method is-config="true" signature="setup()[pri:0, instance:testBase.OneLocal_TestRunner@1af2d44a]" started-at="2024-02-05T01:17:49 EST" name="setup" finished-at="2024-02-05T01:17:53 EST" duration-ms="4881" status="PASS">
          <reporter-output>
          </reporter-output>
        </test-method> <!-- setup -->
        <test-method signature="VerifyThridPartySiteConnectFunctionality([Ljava.lang.String;)[pri:0, instance:testBase.OneLocal_TestRunner@1af2d44a]" started-at="2024-02-05T01:17:53 EST" name="VerifyThridPartySiteConnectFunctionality" data-provider="onelocaldata" finished-at="2024-02-05T01:18:03 EST" duration-ms="9185" status="PASS">
          <params>
            <param index="0">
              <value>
                <![CDATA[[Ljava.lang.String;@41d16cc3]]>
              </value>
            </param>
          </params>
          <reporter-output>
          </reporter-output>
        </test-method> <!-- VerifyThridPartySiteConnectFunctionality -->
        <test-method is-config="true" signature="tearDown()[pri:0, instance:testBase.OneLocal_TestRunner@1af2d44a]" started-at="2024-02-05T01:18:03 EST" name="tearDown" finished-at="2024-02-05T01:18:03 EST" duration-ms="130" status="PASS">
          <reporter-output>
          </reporter-output>
        </test-method> <!-- tearDown -->
      </class> <!-- testBase.OneLocal_TestRunner -->
    </test> <!-- Default test -->
  </suite> <!-- Default suite -->
</testng-results>
