<?xml version="1.0" encoding="UTF-8"?>
<!-- Generated by org.testng.reporters.JUnitXMLReporter -->
<testsuite ignored="0" hostname="LAPTOP-3RE7JA9T" failures="0" tests="3" name="Default test" time="55.388" errors="0" timestamp="2024-02-05T01:03:34 EST">
  <testcase classname="testBase.OneLocal_TestRunner" name="VerifyThridPartySiteConnectFunctionality" time="10.92"/>
  <testcase classname="testBase.OneLocal_TestRunner" name="VerifyThridPartySiteConnectFunctionality" time="12.696"/>
  <testcase classname="testBase.OneLocal_TestRunner" name="VerifyThridPartySiteConnectFunctionality" time="8.994"/>
</testsuite> <!-- Default test -->
