<?xml version="1.0" encoding="UTF-8"?>
<!-- Generated by org.testng.reporters.JUnitXMLReporter -->
<testsuite ignored="0" hostname="LAPTOP-3RE7JA9T" failures="0" tests="3" name="Default test" time="39.591" errors="0" timestamp="2024-02-05T01:18:03 EST">
  <testcase classname="testBase.OneLocal_TestRunner" name="VerifyThridPartySiteConnectFunctionality" time="5.852"/>
  <testcase classname="testBase.OneLocal_TestRunner" name="VerifyThridPartySiteConnectFunctionality" time="8.07"/>
  <testcase classname="testBase.OneLocal_TestRunner" name="VerifyThridPartySiteConnectFunctionality" time="9.185"/>
</testsuite> <!-- Default test -->
