<?xml version="1.0" encoding="UTF-8"?>
<testng-results ignored="0" total="3" passed="3" failed="0" skipped="0">
  <reporter-output>
  </reporter-output>
  <suite started-at="2024-02-05T01:02:39 EST" name="Default suite" finished-at="2024-02-05T01:03:34 EST" duration-ms="55388">
    <groups>
    </groups>
    <test started-at="2024-02-05T01:02:39 EST" name="Default test" finished-at="2024-02-05T01:03:34 EST" duration-ms="55388">
      <class name="testBase.OneLocal_TestRunner">
        <test-method is-config="true" signature="setup()[pri:0, instance:testBase.OneLocal_TestRunner@63021689]" started-at="2024-02-05T01:02:40 EST" name="setup" finished-at="2024-02-05T01:02:47 EST" duration-ms="6807" status="PASS">
          <reporter-output>
          </reporter-output>
        </test-method> <!-- setup -->
        <test-method signature="VerifyThridPartySiteConnectFunctionality([Ljava.lang.String;)[pri:0, instance:testBase.OneLocal_TestRunner@63021689]" started-at="2024-02-05T01:02:47 EST" name="VerifyThridPartySiteConnectFunctionality" data-provider="onelocaldata" finished-at="2024-02-05T01:02:58 EST" duration-ms="10920" status="PASS">
          <params>
            <param index="0">
              <value>
                <![CDATA[[Ljava.lang.String;@4d3ca6c7]]>
              </value>
            </param>
          </params>
          <reporter-output>
          </reporter-output>
        </test-method> <!-- VerifyThridPartySiteConnectFunctionality -->
        <test-method is-config="true" signature="tearDown()[pri:0, instance:testBase.OneLocal_TestRunner@63021689]" started-at="2024-02-05T01:02:58 EST" name="tearDown" finished-at="2024-02-05T01:02:58 EST" duration-ms="324" status="PASS">
          <reporter-output>
          </reporter-output>
        </test-method> <!-- tearDown -->
        <test-method is-config="true" signature="setup()[pri:0, instance:testBase.OneLocal_TestRunner@63021689]" started-at="2024-02-05T01:02:58 EST" name="setup" finished-at="2024-02-05T01:03:06 EST" duration-ms="7413" status="PASS">
          <reporter-output>
          </reporter-output>
        </test-method> <!-- setup -->
        <test-method signature="VerifyThridPartySiteConnectFunctionality([Ljava.lang.String;)[pri:0, instance:testBase.OneLocal_TestRunner@63021689]" started-at="2024-02-05T01:03:06 EST" name="VerifyThridPartySiteConnectFunctionality" data-provider="onelocaldata" finished-at="2024-02-05T01:03:19 EST" duration-ms="12696" status="PASS">
          <params>
            <param index="0">
              <value>
                <![CDATA[[Ljava.lang.String;@7f93dd4e]]>
              </value>
            </param>
          </params>
          <reporter-output>
          </reporter-output>
        </test-method> <!-- VerifyThridPartySiteConnectFunctionality -->
        <test-method is-config="true" signature="tearDown()[pri:0, instance:testBase.OneLocal_TestRunner@63021689]" started-at="2024-02-05T01:03:19 EST" name="tearDown" finished-at="2024-02-05T01:03:19 EST" duration-ms="248" status="PASS">
          <reporter-output>
          </reporter-output>
        </test-method> <!-- tearDown -->
        <test-method is-config="true" signature="setup()[pri:0, instance:testBase.OneLocal_TestRunner@63021689]" started-at="2024-02-05T01:03:19 EST" name="setup" finished-at="2024-02-05T01:03:25 EST" duration-ms="6372" status="PASS">
          <reporter-output>
          </reporter-output>
        </test-method> <!-- setup -->
        <test-method signature="VerifyThridPartySiteConnectFunctionality([Ljava.lang.String;)[pri:0, instance:testBase.OneLocal_TestRunner@63021689]" started-at="2024-02-05T01:03:25 EST" name="VerifyThridPartySiteConnectFunctionality" data-provider="onelocaldata" finished-at="2024-02-05T01:03:34 EST" duration-ms="8994" status="PASS">
          <params>
            <param index="0">
              <value>
                <![CDATA[[Ljava.lang.String;@23a918c7]]>
              </value>
            </param>
          </params>
          <reporter-output>
          </reporter-output>
        </test-method> <!-- VerifyThridPartySiteConnectFunctionality -->
        <test-method is-config="true" signature="tearDown()[pri:0, instance:testBase.OneLocal_TestRunner@63021689]" started-at="2024-02-05T01:03:34 EST" name="tearDown" finished-at="2024-02-05T01:03:34 EST" duration-ms="247" status="PASS">
          <reporter-output>
          </reporter-output>
        </test-method> <!-- tearDown -->
      </class> <!-- testBase.OneLocal_TestRunner -->
    </test> <!-- Default test -->
  </suite> <!-- Default suite -->
</testng-results>
